<?xml version="1.0" encoding="UTF-8"?>
<!-- Generated by org.testng.reporters.JUnitXMLReporter -->
<testsuite ignored="0" hostname="DESKTOP-NJ97IE9" failures="1" tests="6" name="Test" time="0.072" errors="0" timestamp="2024-08-11T16:22:21 IST">
  <testcase classname="Demo.FirstTestCase" name="setup" time="0.01"/>
  <testcase classname="Demo.FirstTestCase" name="login" time="0.001"/>
  <testcase classname="Demo.FirstTestCase" name="close" time="0.002"/>
  <testcase classname="Demo.SecondTestCase" name="testMethod1" time="0.004">
    <failure type="junit.framework.AssertionFailedError" message="expected:&amp;lt;1&amp;gt; but was:&amp;lt;2&amp;gt;">
      <![CDATA[junit.framework.AssertionFailedError: expected:<1> but was:<2>
at junit.framework.Assert.fail(Assert.java:47)
at junit.framework.Assert.failNotEquals(Assert.java:282)
at junit.framework.Assert.assertEquals(Assert.java:64)
at junit.framework.Assert.assertEquals(Assert.java:201)
at junit.framework.Assert.assertEquals(Assert.java:207)
at Demo.SecondTestCase.testMethod1(SecondTestCase.java:13)
at java.base/java.util.ArrayList.forEach(ArrayList.java:1596)
... Removed 25 stack frames]]>
    </failure>
  </testcase> <!-- testMethod1 -->
  <testcase classname="Demo.SecondTestCase" name="testMethod2" time="0.001"/>
  <testcase classname="Demo.SecondTestCase" name="testMethod3" time="0.001"/>
</testsuite> <!-- Test -->
