<?xml version="1.0" encoding="UTF-8"?>
<testng-results ignored="0" total="2" passed="2" failed="0" skipped="0">
  <reporter-output>
  </reporter-output>
  <suite started-at="2024-08-12T17:05:53 IST" name="Default suite" finished-at="2024-08-12T17:05:53 IST" duration-ms="60">
    <groups>
    </groups>
    <test started-at="2024-08-12T17:05:53 IST" name="Default test" finished-at="2024-08-12T17:05:53 IST" duration-ms="60">
      <class name="Demo.TestNGAnnotation">
        <test-method signature="testMethod1()[pri:0, instance:Demo.TestNGAnnotation@71809907]" started-at="2024-08-12T17:05:53 IST" name="testMethod1" finished-at="2024-08-12T17:05:53 IST" duration-ms="11" status="PASS">
          <reporter-output>
          </reporter-output>
        </test-method> <!-- testMethod1 -->
        <test-method signature="testMethod2()[pri:0, instance:Demo.TestNGAnnotation@71809907]" started-at="2024-08-12T17:05:53 IST" name="testMethod2" finished-at="2024-08-12T17:05:53 IST" duration-ms="1" status="PASS">
          <reporter-output>
          </reporter-output>
        </test-method> <!-- testMethod2 -->
      </class> <!-- Demo.TestNGAnnotation -->
    </test> <!-- Default test -->
  </suite> <!-- Default suite -->
</testng-results>
