<?xml version="1.0" encoding="UTF-8"?>
<testng-results ignored="0" total="5" passed="5" failed="0" skipped="0">
  <reporter-output>
  </reporter-output>
  <suite started-at="2024-09-09T16:39:44 IST" name="Suite" finished-at="2024-09-09T16:39:54 IST" duration-ms="9268">
    <groups>
    </groups>
    <test started-at="2024-09-09T16:39:44 IST" name="Sum" finished-at="2024-09-09T16:39:44 IST" duration-ms="49">
      <class name="Demo.ParametersDemo">
        <test-method signature="add(int,int)[pri:0, instance:Demo.ParametersDemo@6adbc9d]" started-at="2024-09-09T16:39:44 IST" name="add" finished-at="2024-09-09T16:39:44 IST" duration-ms="10" status="PASS">
          <params>
            <param index="0">
              <value>
                <![CDATA[9]]>
              </value>
            </param>
            <param index="1">
              <value>
                <![CDATA[6]]>
              </value>
            </param>
          </params>
          <reporter-output>
          </reporter-output>
        </test-method> <!-- add -->
      </class> <!-- Demo.ParametersDemo -->
    </test> <!-- Sum -->
    <test started-at="2024-09-09T16:39:45 IST" name="GoogleTestOnFirefox" finished-at="2024-09-09T16:39:50 IST" duration-ms="5605">
      <class name="Demo.AssertionExample">
        <test-method is-config="true" signature="setup(java.lang.String)[pri:0, instance:Demo.AssertionExample@7dcf94f8]" started-at="2024-09-09T16:39:45 IST" name="setup" finished-at="2024-09-09T16:39:49 IST" duration-ms="4546" status="PASS">
          <params>
            <param index="0">
              <value>
                <![CDATA[firefox]]>
              </value>
            </param>
          </params>
          <reporter-output>
          </reporter-output>
        </test-method> <!-- setup -->
        <test-method signature="verifyGoogleImageIsDisplayed()[pri:0, instance:Demo.AssertionExample@7dcf94f8]" started-at="2024-09-09T16:39:49 IST" name="verifyGoogleImageIsDisplayed" finished-at="2024-09-09T16:39:49 IST" duration-ms="57" status="PASS">
          <reporter-output>
          </reporter-output>
        </test-method> <!-- verifyGoogleImageIsDisplayed -->
        <test-method signature="verifyPageTitle()[pri:0, instance:Demo.AssertionExample@7dcf94f8]" started-at="2024-09-09T16:39:49 IST" name="verifyPageTitle" finished-at="2024-09-09T16:39:49 IST" duration-ms="8" status="PASS">
          <reporter-output>
          </reporter-output>
        </test-method> <!-- verifyPageTitle -->
        <test-method is-config="true" signature="tearDown()[pri:0, instance:Demo.AssertionExample@7dcf94f8]" started-at="2024-09-09T16:39:49 IST" name="tearDown" finished-at="2024-09-09T16:39:50 IST" duration-ms="986" status="PASS">
          <reporter-output>
          </reporter-output>
        </test-method> <!-- tearDown -->
      </class> <!-- Demo.AssertionExample -->
    </test> <!-- GoogleTestOnFirefox -->
    <test started-at="2024-09-09T16:39:50 IST" name="GoogleTestOnChrome" finished-at="2024-09-09T16:39:54 IST" duration-ms="3542">
      <class name="Demo.AssertionExample">
        <test-method is-config="true" signature="setup(java.lang.String)[pri:0, instance:Demo.AssertionExample@9d5509a]" started-at="2024-09-09T16:39:50 IST" name="setup" finished-at="2024-09-09T16:39:53 IST" duration-ms="3358" status="PASS">
          <params>
            <param index="0">
              <value>
                <![CDATA[chrome]]>
              </value>
            </param>
          </params>
          <reporter-output>
          </reporter-output>
        </test-method> <!-- setup -->
        <test-method signature="verifyGoogleImageIsDisplayed()[pri:0, instance:Demo.AssertionExample@9d5509a]" started-at="2024-09-09T16:39:53 IST" name="verifyGoogleImageIsDisplayed" finished-at="2024-09-09T16:39:54 IST" duration-ms="37" status="PASS">
          <reporter-output>
          </reporter-output>
        </test-method> <!-- verifyGoogleImageIsDisplayed -->
        <test-method signature="verifyPageTitle()[pri:0, instance:Demo.AssertionExample@9d5509a]" started-at="2024-09-09T16:39:54 IST" name="verifyPageTitle" finished-at="2024-09-09T16:39:54 IST" duration-ms="11" status="PASS">
          <reporter-output>
          </reporter-output>
        </test-method> <!-- verifyPageTitle -->
        <test-method is-config="true" signature="tearDown()[pri:0, instance:Demo.AssertionExample@9d5509a]" started-at="2024-09-09T16:39:54 IST" name="tearDown" finished-at="2024-09-09T16:39:54 IST" duration-ms="128" status="PASS">
          <reporter-output>
          </reporter-output>
        </test-method> <!-- tearDown -->
      </class> <!-- Demo.AssertionExample -->
    </test> <!-- GoogleTestOnChrome -->
  </suite> <!-- Suite -->
</testng-results>
